Case #1: 1 0
Case #2: 1 0
Case #3: 1 1
Case #4: 0 0
Case #5: 500 499
Case #6: 0 0
Case #7: 0 0
Case #8: 23 22
Case #9: 62 62
Case #10: 12 12
Case #11: 125 124
Case #12: 37 37
Case #13: 28 27
Case #14: 17 17
Case #15: 55 55
Case #16: 2 1
Case #17: 0 0
Case #18: 59 59
Case #19: 250 249
Case #20: 250 249
Case #21: 249 249
Case #22: 125 124
Case #23: 37 36
Case #24: 13 12
Case #25: 0 0
Case #26: 250 249
Case #27: 249 249
Case #28: 19 19
Case #29: 10 10
Case #30: 250 249
Case #31: 3 2
Case #32: 124 124
Case #33: 250 249
Case #34: 250 249
Case #35: 20 19
Case #36: 125 124
Case #37: 28 27
Case #38: 1 1
Case #39: 0 0
Case #40: 13 12
Case #41: 125 124
Case #42: 15 15
Case #43: 250 249
Case #44: 26 25
Case #45: 125 124
Case #46: 124 124
Case #47: 56 56
Case #48: 249 249
Case #49: 36 35
Case #50: 62 62
Case #51: 250 249
Case #52: 499 499
Case #53: 249 249
Case #54: 0 0
Case #55: 249 249
Case #56: 8 7
Case #57: 36 36
Case #58: 28 28
Case #59: 3 2
Case #60: 3 3
Case #61: 250 249
Case #62: 3 3
Case #63: 125 124
Case #64: 8 8
Case #65: 40 39
Case #66: 19 19
Case #67: 249 249
Case #68: 0 0
Case #69: 125 124
Case #70: 125 124
Case #71: 125 124
Case #72: 7 6
Case #73: 0 0
Case #74: 1 0
Case #75: 249 249
Case #76: 3 3
Case #77: 48 48
Case #78: 125 124
Case #79: 249 249
Case #80: 28 28
Case #81: 125 124
Case #82: 125 124
Case #83: 249 249
Case #84: 250 249
Case #85: 249 249
Case #86: 249 249
Case #87: 4 4
Case #88: 250 249
Case #89: 43 42
Case #90: 31 31
Case #91: 26 26
Case #92: 60 59
Case #93: 6 5
Case #94: 250 249
Case #95: 50 50
Case #96: 0 0
Case #97: 25 25
Case #98: 2 2
Case #99: 125 124
Case #100: 249 249
