Case #1: POSSIBLE
01000
00111
00011
00001
00000
Case #2: POSSIBLE
01
00
Case #3: IMPOSSIBLE
Case #4: POSSIBLE
01000000
00100000
00010000
00001010
00000111
00000011
00000001
00000000
Case #5: POSSIBLE
01111
00111
00011
00001
00000
Case #6: IMPOSSIBLE
Case #7: POSSIBLE
0100000000
0010000000
0001000000
0000100000
0000010100
0000001111
0000000111
0000000011
0000000001
0000000000
Case #8: POSSIBLE
01111111111111111111110111101001111100010100000000
00111111111111111111111111111111111111111111111111
00011111111111111111111111111111111111111111111111
00001111111111111111111111111111111111111111111111
00000111111111111111111111111111111111111111111111
00000011111111111111111111111111111111111111111111
00000001111111111111111111111111111111111111111111
00000000111111111111111111111111111111111111111111
00000000011111111111111111111111111111111111111111
00000000001111111111111111111111111111111111111111
00000000000111111111111111111111111111111111111111
00000000000011111111111111111111111111111111111111
00000000000001111111111111111111111111111111111111
00000000000000111111111111111111111111111111111111
00000000000000011111111111111111111111111111111111
00000000000000001111111111111111111111111111111111
00000000000000000111111111111111111111111111111111
00000000000000000011111111111111111111111111111111
00000000000000000001111111111111111111111111111111
00000000000000000000111111111111111111111111111111
00000000000000000000011111111111111111111111111111
00000000000000000000001111111111111111111111111111
00000000000000000000000111111111111111111111111111
00000000000000000000000011111111111111111111111111
00000000000000000000000001111111111111111111111111
00000000000000000000000000111111111111111111111111
00000000000000000000000000011111111111111111111111
00000000000000000000000000001111111111111111111111
00000000000000000000000000000111111111111111111111
00000000000000000000000000000011111111111111111111
00000000000000000000000000000001111111111111111111
00000000000000000000000000000000111111111111111111
00000000000000000000000000000000011111111111111111
00000000000000000000000000000000001111111111111111
00000000000000000000000000000000000111111111111111
00000000000000000000000000000000000011111111111111
00000000000000000000000000000000000001111111111111
00000000000000000000000000000000000000111111111111
00000000000000000000000000000000000000011111111111
00000000000000000000000000000000000000001111111111
00000000000000000000000000000000000000000111111111
00000000000000000000000000000000000000000011111111
00000000000000000000000000000000000000000001111111
00000000000000000000000000000000000000000000111111
00000000000000000000000000000000000000000000011111
00000000000000000000000000000000000000000000001111
00000000000000000000000000000000000000000000000111
00000000000000000000000000000000000000000000000011
00000000000000000000000000000000000000000000000001
00000000000000000000000000000000000000000000000000
