Case #1: POSSIBLE
01000
00111
00011
00001
00000
Case #2: POSSIBLE
01
00
Case #3: IMPOSSIBLE
Case #4: POSSIBLE
01111100111100101010101101111000
00111111111111111111111111111111
00011111111111111111111111111111
00001111111111111111111111111111
00000111111111111111111111111111
00000011111111111111111111111111
00000001111111111111111111111111
00000000111111111111111111111111
00000000011111111111111111111111
00000000001111111111111111111111
00000000000111111111111111111111
00000000000011111111111111111111
00000000000001111111111111111111
00000000000000111111111111111111
00000000000000011111111111111111
00000000000000001111111111111111
00000000000000000111111111111111
00000000000000000011111111111111
00000000000000000001111111111111
00000000000000000000111111111111
00000000000000000000011111111111
00000000000000000000001111111111
00000000000000000000000111111111
00000000000000000000000011111111
00000000000000000000000001111111
00000000000000000000000000111111
00000000000000000000000000011111
00000000000000000000000000001111
00000000000000000000000000000111
00000000000000000000000000000011
00000000000000000000000000000001
00000000000000000000000000000000
Case #5: POSSIBLE
01110001100101111110101000001001001110
00111111111111111111111111111111111111
00011111111111111111111111111111111111
00001111111111111111111111111111111111
00000111111111111111111111111111111111
00000011111111111111111111111111111111
00000001111111111111111111111111111111
00000000111111111111111111111111111111
00000000011111111111111111111111111111
00000000001111111111111111111111111111
00000000000111111111111111111111111111
00000000000011111111111111111111111111
00000000000001111111111111111111111111
00000000000000111111111111111111111111
00000000000000011111111111111111111111
00000000000000001111111111111111111111
00000000000000000111111111111111111111
00000000000000000011111111111111111111
00000000000000000001111111111111111111
00000000000000000000111111111111111111
00000000000000000000011111111111111111
00000000000000000000001111111111111111
00000000000000000000000111111111111111
00000000000000000000000011111111111111
00000000000000000000000001111111111111
00000000000000000000000000111111111111
00000000000000000000000000011111111111
00000000000000000000000000001111111111
00000000000000000000000000000111111111
00000000000000000000000000000011111111
00000000000000000000000000000001111111
00000000000000000000000000000000111111
00000000000000000000000000000000011111
00000000000000000000000000000000001111
00000000000000000000000000000000000111
00000000000000000000000000000000000011
00000000000000000000000000000000000001
00000000000000000000000000000000000000
Case #6: POSSIBLE
010110100101001110000110010000010101000100110
001111111111111111111111111111111111111111111
000111111111111111111111111111111111111111111
000011111111111111111111111111111111111111111
000001111111111111111111111111111111111111111
000000111111111111111111111111111111111111111
000000011111111111111111111111111111111111111
000000001111111111111111111111111111111111111
000000000111111111111111111111111111111111111
000000000011111111111111111111111111111111111
000000000001111111111111111111111111111111111
000000000000111111111111111111111111111111111
000000000000011111111111111111111111111111111
000000000000001111111111111111111111111111111
000000000000000111111111111111111111111111111
000000000000000011111111111111111111111111111
000000000000000001111111111111111111111111111
000000000000000000111111111111111111111111111
000000000000000000011111111111111111111111111
000000000000000000001111111111111111111111111
000000000000000000000111111111111111111111111
000000000000000000000011111111111111111111111
000000000000000000000001111111111111111111111
000000000000000000000000111111111111111111111
000000000000000000000000011111111111111111111
000000000000000000000000001111111111111111111
000000000000000000000000000111111111111111111
000000000000000000000000000011111111111111111
000000000000000000000000000001111111111111111
000000000000000000000000000000111111111111111
000000000000000000000000000000011111111111111
000000000000000000000000000000001111111111111
000000000000000000000000000000000111111111111
000000000000000000000000000000000011111111111
000000000000000000000000000000000001111111111
000000000000000000000000000000000000111111111
000000000000000000000000000000000000011111111
000000000000000000000000000000000000001111111
000000000000000000000000000000000000000111111
000000000000000000000000000000000000000011111
000000000000000000000000000000000000000001111
000000000000000000000000000000000000000000111
000000000000000000000000000000000000000000011
000000000000000000000000000000000000000000001
000000000000000000000000000000000000000000000
Case #7: POSSIBLE
01000000000000000000000000000
00110111110100001010011101000
00011111111111111111111111111
00001111111111111111111111111
00000111111111111111111111111
00000011111111111111111111111
00000001111111111111111111111
00000000111111111111111111111
00000000011111111111111111111
00000000001111111111111111111
00000000000111111111111111111
00000000000011111111111111111
00000000000001111111111111111
00000000000000111111111111111
00000000000000011111111111111
00000000000000001111111111111
00000000000000000111111111111
00000000000000000011111111111
00000000000000000001111111111
00000000000000000000111111111
00000000000000000000011111111
00000000000000000000001111111
00000000000000000000000111111
00000000000000000000000011111
00000000000000000000000001111
00000000000000000000000000111
00000000000000000000000000011
00000000000000000000000000001
00000000000000000000000000000
Case #8: POSSIBLE
0111110
0011111
0001111
0000111
0000011
0000001
0000000
Case #9: POSSIBLE
0100
0011
0001
0000
Case #10: POSSIBLE
0110
0011
0001
0000
Case #11: POSSIBLE
0100000
0010000
0001111
0000111
0000011
0000001
0000000
Case #12: POSSIBLE
0100000000000000000
0010000000000000000
0001000000000000000
0000100011000111110
0000011111111111111
0000001111111111111
0000000111111111111
0000000011111111111
0000000001111111111
0000000000111111111
0000000000011111111
0000000000001111111
0000000000000111111
0000000000000011111
0000000000000001111
0000000000000000111
0000000000000000011
0000000000000000001
0000000000000000000
Case #13: POSSIBLE
0100000
0010000
0001000
0000100
0000010
0000001
0000000
Case #14: POSSIBLE
0111
0011
0001
0000
Case #15: POSSIBLE
0101000
0011111
0001111
0000111
0000011
0000001
0000000
Case #16: POSSIBLE
010000000000000000000000000000000000
001000000000000000000000000000000000
000100101001010101110100100001101000
000011111111111111111111111111111111
000001111111111111111111111111111111
000000111111111111111111111111111111
000000011111111111111111111111111111
000000001111111111111111111111111111
000000000111111111111111111111111111
000000000011111111111111111111111111
000000000001111111111111111111111111
000000000000111111111111111111111111
000000000000011111111111111111111111
000000000000001111111111111111111111
000000000000000111111111111111111111
000000000000000011111111111111111111
000000000000000001111111111111111111
000000000000000000111111111111111111
000000000000000000011111111111111111
000000000000000000001111111111111111
000000000000000000000111111111111111
000000000000000000000011111111111111
000000000000000000000001111111111111
000000000000000000000000111111111111
000000000000000000000000011111111111
000000000000000000000000001111111111
000000000000000000000000000111111111
000000000000000000000000000011111111
000000000000000000000000000001111111
000000000000000000000000000000111111
000000000000000000000000000000011111
000000000000000000000000000000001111
000000000000000000000000000000000111
000000000000000000000000000000000011
000000000000000000000000000000000001
000000000000000000000000000000000000
Case #17: POSSIBLE
011
001
000
Case #18: POSSIBLE
01111111111111111111111111111111111111111111111110
00111111111111111111111111111111111111111111111111
00011111111111111111111111111111111111111111111111
00001111111111111111111111111111111111111111111111
00000111111111111111111111111111111111111111111111
00000011111111111111111111111111111111111111111111
00000001111111111111111111111111111111111111111111
00000000111111111111111111111111111111111111111111
00000000011111111111111111111111111111111111111111
00000000001111111111111111111111111111111111111111
00000000000111111111111111111111111111111111111111
00000000000011111111111111111111111111111111111111
00000000000001111111111111111111111111111111111111
00000000000000111111111111111111111111111111111111
00000000000000011111111111111111111111111111111111
00000000000000001111111111111111111111111111111111
00000000000000000111111111111111111111111111111111
00000000000000000011111111111111111111111111111111
00000000000000000001111111111111111111111111111111
00000000000000000000111111111111111111111111111111
00000000000000000000011111111111111111111111111111
00000000000000000000001111111111111111111111111111
00000000000000000000000111111111111111111111111111
00000000000000000000000011111111111111111111111111
00000000000000000000000001111111111111111111111111
00000000000000000000000000111111111111111111111111
00000000000000000000000000011111111111111111111111
00000000000000000000000000001111111111111111111111
00000000000000000000000000000111111111111111111111
00000000000000000000000000000011111111111111111111
00000000000000000000000000000001111111111111111111
00000000000000000000000000000000111111111111111111
00000000000000000000000000000000011111111111111111
00000000000000000000000000000000001111111111111111
00000000000000000000000000000000000111111111111111
00000000000000000000000000000000000011111111111111
00000000000000000000000000000000000001111111111111
00000000000000000000000000000000000000111111111111
00000000000000000000000000000000000000011111111111
00000000000000000000000000000000000000001111111111
00000000000000000000000000000000000000000111111111
00000000000000000000000000000000000000000011111111
00000000000000000000000000000000000000000001111111
00000000000000000000000000000000000000000000111111
00000000000000000000000000000000000000000000011111
00000000000000000000000000000000000000000000001111
00000000000000000000000000000000000000000000000111
00000000000000000000000000000000000000000000000011
00000000000000000000000000000000000000000000000001
00000000000000000000000000000000000000000000000000
Case #19: POSSIBLE
0100101000110
0011111111111
0001111111111
0000111111111
0000011111111
0000001111111
0000000111111
0000000011111
0000000001111
0000000000111
0000000000011
0000000000001
0000000000000
Case #20: IMPOSSIBLE
Case #21: POSSIBLE
0100110
0011111
0001111
0000111
0000011
0000001
0000000
Case #22: IMPOSSIBLE
Case #23: POSSIBLE
0100000
0010100
0001111
0000111
0000011
0000001
0000000
Case #24: POSSIBLE
0110111100
0011111111
0001111111
0000111111
0000011111
0000001111
0000000111
0000000011
0000000001
0000000000
Case #25: POSSIBLE
010000000000000000000000000000000
001000000000000000000000000000000
000110101010011101100111010011010
000011111111111111111111111111111
000001111111111111111111111111111
000000111111111111111111111111111
000000011111111111111111111111111
000000001111111111111111111111111
000000000111111111111111111111111
000000000011111111111111111111111
000000000001111111111111111111111
000000000000111111111111111111111
000000000000011111111111111111111
000000000000001111111111111111111
000000000000000111111111111111111
000000000000000011111111111111111
000000000000000001111111111111111
000000000000000000111111111111111
000000000000000000011111111111111
000000000000000000001111111111111
000000000000000000000111111111111
000000000000000000000011111111111
000000000000000000000001111111111
000000000000000000000000111111111
000000000000000000000000011111111
000000000000000000000000001111111
000000000000000000000000000111111
000000000000000000000000000011111
000000000000000000000000000001111
000000000000000000000000000000111
000000000000000000000000000000011
000000000000000000000000000000001
000000000000000000000000000000000
Case #26: IMPOSSIBLE
Case #27: POSSIBLE
0100000
0010000
0001000
0000100
0000011
0000001
0000000
Case #28: POSSIBLE
0111111111111111111111111111111111111111111111111
0011111111111111111111111111111111111111111111111
0001111111111111111111111111111111111111111111111
0000111111111111111111111111111111111111111111111
0000011111111111111111111111111111111111111111111
0000001111111111111111111111111111111111111111111
0000000111111111111111111111111111111111111111111
0000000011111111111111111111111111111111111111111
0000000001111111111111111111111111111111111111111
0000000000111111111111111111111111111111111111111
0000000000011111111111111111111111111111111111111
0000000000001111111111111111111111111111111111111
0000000000000111111111111111111111111111111111111
0000000000000011111111111111111111111111111111111
0000000000000001111111111111111111111111111111111
0000000000000000111111111111111111111111111111111
0000000000000000011111111111111111111111111111111
0000000000000000001111111111111111111111111111111
0000000000000000000111111111111111111111111111111
0000000000000000000011111111111111111111111111111
0000000000000000000001111111111111111111111111111
0000000000000000000000111111111111111111111111111
0000000000000000000000011111111111111111111111111
0000000000000000000000001111111111111111111111111
0000000000000000000000000111111111111111111111111
0000000000000000000000000011111111111111111111111
0000000000000000000000000001111111111111111111111
0000000000000000000000000000111111111111111111111
0000000000000000000000000000011111111111111111111
0000000000000000000000000000001111111111111111111
0000000000000000000000000000000111111111111111111
0000000000000000000000000000000011111111111111111
0000000000000000000000000000000001111111111111111
0000000000000000000000000000000000111111111111111
0000000000000000000000000000000000011111111111111
0000000000000000000000000000000000001111111111111
0000000000000000000000000000000000000111111111111
0000000000000000000000000000000000000011111111111
0000000000000000000000000000000000000001111111111
0000000000000000000000000000000000000000111111111
0000000000000000000000000000000000000000011111111
0000000000000000000000000000000000000000001111111
0000000000000000000000000000000000000000000111111
0000000000000000000000000000000000000000000011111
0000000000000000000000000000000000000000000001111
0000000000000000000000000000000000000000000000111
0000000000000000000000000000000000000000000000011
0000000000000000000000000000000000000000000000001
0000000000000000000000000000000000000000000000000
Case #29: POSSIBLE
010000000000000000000000000000000000000000
001000000000000000000000000000000000000000
000111110001010001100010111001101100101000
000011111111111111111111111111111111111111
000001111111111111111111111111111111111111
000000111111111111111111111111111111111111
000000011111111111111111111111111111111111
000000001111111111111111111111111111111111
000000000111111111111111111111111111111111
000000000011111111111111111111111111111111
000000000001111111111111111111111111111111
000000000000111111111111111111111111111111
000000000000011111111111111111111111111111
000000000000001111111111111111111111111111
000000000000000111111111111111111111111111
000000000000000011111111111111111111111111
000000000000000001111111111111111111111111
000000000000000000111111111111111111111111
000000000000000000011111111111111111111111
000000000000000000001111111111111111111111
000000000000000000000111111111111111111111
000000000000000000000011111111111111111111
000000000000000000000001111111111111111111
000000000000000000000000111111111111111111
000000000000000000000000011111111111111111
000000000000000000000000001111111111111111
000000000000000000000000000111111111111111
000000000000000000000000000011111111111111
000000000000000000000000000001111111111111
000000000000000000000000000000111111111111
000000000000000000000000000000011111111111
000000000000000000000000000000001111111111
000000000000000000000000000000000111111111
000000000000000000000000000000000011111111
000000000000000000000000000000000001111111
000000000000000000000000000000000000111111
000000000000000000000000000000000000011111
000000000000000000000000000000000000001111
000000000000000000000000000000000000000111
000000000000000000000000000000000000000011
000000000000000000000000000000000000000001
000000000000000000000000000000000000000000
Case #30: POSSIBLE
0100010
0011111
0001111
0000111
0000011
0000001
0000000
Case #31: POSSIBLE
0111111
0011111
0001111
0000111
0000011
0000001
0000000
Case #32: POSSIBLE
010000000000000000000000000000000000000000
001111001000101010101000101111111001110110
000111111111111111111111111111111111111111
000011111111111111111111111111111111111111
000001111111111111111111111111111111111111
000000111111111111111111111111111111111111
000000011111111111111111111111111111111111
000000001111111111111111111111111111111111
000000000111111111111111111111111111111111
000000000011111111111111111111111111111111
000000000001111111111111111111111111111111
000000000000111111111111111111111111111111
000000000000011111111111111111111111111111
000000000000001111111111111111111111111111
000000000000000111111111111111111111111111
000000000000000011111111111111111111111111
000000000000000001111111111111111111111111
000000000000000000111111111111111111111111
000000000000000000011111111111111111111111
000000000000000000001111111111111111111111
000000000000000000000111111111111111111111
000000000000000000000011111111111111111111
000000000000000000000001111111111111111111
000000000000000000000000111111111111111111
000000000000000000000000011111111111111111
000000000000000000000000001111111111111111
000000000000000000000000000111111111111111
000000000000000000000000000011111111111111
000000000000000000000000000001111111111111
000000000000000000000000000000111111111111
000000000000000000000000000000011111111111
000000000000000000000000000000001111111111
000000000000000000000000000000000111111111
000000000000000000000000000000000011111111
000000000000000000000000000000000001111111
000000000000000000000000000000000000111111
000000000000000000000000000000000000011111
000000000000000000000000000000000000001111
000000000000000000000000000000000000000111
000000000000000000000000000000000000000011
000000000000000000000000000000000000000001
000000000000000000000000000000000000000000
Case #33: POSSIBLE
011001010
001111111
000111111
000011111
000001111
000000111
000000011
000000001
000000000
Case #34: POSSIBLE
01010010011110
00111111111111
00011111111111
00001111111111
00000111111111
00000011111111
00000001111111
00000000111111
00000000011111
00000000001111
00000000000111
00000000000011
00000000000001
00000000000000
Case #35: POSSIBLE
0110100
0011111
0001111
0000111
0000011
0000001
0000000
Case #36: IMPOSSIBLE
Case #37: POSSIBLE
01100111101011010110
00111111111111111111
00011111111111111111
00001111111111111111
00000111111111111111
00000011111111111111
00000001111111111111
00000000111111111111
00000000011111111111
00000000001111111111
00000000000111111111
00000000000011111111
00000000000001111111
00000000000000111111
00000000000000011111
00000000000000001111
00000000000000000111
00000000000000000011
00000000000000000001
00000000000000000000
Case #38: POSSIBLE
0100000
0011110
0001111
0000111
0000011
0000001
0000000
Case #39: POSSIBLE
010010100100010011010
001111111111111111111
000111111111111111111
000011111111111111111
000001111111111111111
000000111111111111111
000000011111111111111
000000001111111111111
000000000111111111111
000000000011111111111
000000000001111111111
000000000000111111111
000000000000011111111
000000000000001111111
000000000000000111111
000000000000000011111
000000000000000001111
000000000000000000111
000000000000000000011
000000000000000000001
000000000000000000000
Case #40: IMPOSSIBLE
Case #41: POSSIBLE
01000000000000000000000000000000
00100000000000000000000000000000
00010000000000000000000000000000
00001000000000000000000000000000
00000110110101011110011110010000
00000011111111111111111111111111
00000001111111111111111111111111
00000000111111111111111111111111
00000000011111111111111111111111
00000000001111111111111111111111
00000000000111111111111111111111
00000000000011111111111111111111
00000000000001111111111111111111
00000000000000111111111111111111
00000000000000011111111111111111
00000000000000001111111111111111
00000000000000000111111111111111
00000000000000000011111111111111
00000000000000000001111111111111
00000000000000000000111111111111
00000000000000000000011111111111
00000000000000000000001111111111
00000000000000000000000111111111
00000000000000000000000011111111
00000000000000000000000001111111
00000000000000000000000000111111
00000000000000000000000000011111
00000000000000000000000000001111
00000000000000000000000000000111
00000000000000000000000000000011
00000000000000000000000000000001
00000000000000000000000000000000
Case #42: POSSIBLE
0100100
0011111
0001111
0000111
0000011
0000001
0000000
Case #43: POSSIBLE
01111111111111111111111111111111111111111111111111
00111111111111111111111111111111111111111111111111
00011111111111111111111111111111111111111111111111
00001111111111111111111111111111111111111111111111
00000111111111111111111111111111111111111111111111
00000011111111111111111111111111111111111111111111
00000001111111111111111111111111111111111111111111
00000000111111111111111111111111111111111111111111
00000000011111111111111111111111111111111111111111
00000000001111111111111111111111111111111111111111
00000000000111111111111111111111111111111111111111
00000000000011111111111111111111111111111111111111
00000000000001111111111111111111111111111111111111
00000000000000111111111111111111111111111111111111
00000000000000011111111111111111111111111111111111
00000000000000001111111111111111111111111111111111
00000000000000000111111111111111111111111111111111
00000000000000000011111111111111111111111111111111
00000000000000000001111111111111111111111111111111
00000000000000000000111111111111111111111111111111
00000000000000000000011111111111111111111111111111
00000000000000000000001111111111111111111111111111
00000000000000000000000111111111111111111111111111
00000000000000000000000011111111111111111111111111
00000000000000000000000001111111111111111111111111
00000000000000000000000000111111111111111111111111
00000000000000000000000000011111111111111111111111
00000000000000000000000000001111111111111111111111
00000000000000000000000000000111111111111111111111
00000000000000000000000000000011111111111111111111
00000000000000000000000000000001111111111111111111
00000000000000000000000000000000111111111111111111
00000000000000000000000000000000011111111111111111
00000000000000000000000000000000001111111111111111
00000000000000000000000000000000000111111111111111
00000000000000000000000000000000000011111111111111
00000000000000000000000000000000000001111111111111
00000000000000000000000000000000000000111111111111
00000000000000000000000000000000000000011111111111
00000000000000000000000000000000000000001111111111
00000000000000000000000000000000000000000111111111
00000000000000000000000000000000000000000011111111
00000000000000000000000000000000000000000001111111
00000000000000000000000000000000000000000000111111
00000000000000000000000000000000000000000000011111
00000000000000000000000000000000000000000000001111
00000000000000000000000000000000000000000000000111
00000000000000000000000000000000000000000000000011
00000000000000000000000000000000000000000000000001
00000000000000000000000000000000000000000000000000
Case #44: POSSIBLE
01100011101011110100111100001100001011111111110
00111111111111111111111111111111111111111111111
00011111111111111111111111111111111111111111111
00001111111111111111111111111111111111111111111
00000111111111111111111111111111111111111111111
00000011111111111111111111111111111111111111111
00000001111111111111111111111111111111111111111
00000000111111111111111111111111111111111111111
00000000011111111111111111111111111111111111111
00000000001111111111111111111111111111111111111
00000000000111111111111111111111111111111111111
00000000000011111111111111111111111111111111111
00000000000001111111111111111111111111111111111
00000000000000111111111111111111111111111111111
00000000000000011111111111111111111111111111111
00000000000000001111111111111111111111111111111
00000000000000000111111111111111111111111111111
00000000000000000011111111111111111111111111111
00000000000000000001111111111111111111111111111
00000000000000000000111111111111111111111111111
00000000000000000000011111111111111111111111111
00000000000000000000001111111111111111111111111
00000000000000000000000111111111111111111111111
00000000000000000000000011111111111111111111111
00000000000000000000000001111111111111111111111
00000000000000000000000000111111111111111111111
00000000000000000000000000011111111111111111111
00000000000000000000000000001111111111111111111
00000000000000000000000000000111111111111111111
00000000000000000000000000000011111111111111111
00000000000000000000000000000001111111111111111
00000000000000000000000000000000111111111111111
00000000000000000000000000000000011111111111111
00000000000000000000000000000000001111111111111
00000000000000000000000000000000000111111111111
00000000000000000000000000000000000011111111111
00000000000000000000000000000000000001111111111
00000000000000000000000000000000000000111111111
00000000000000000000000000000000000000011111111
00000000000000000000000000000000000000001111111
00000000000000000000000000000000000000000111111
00000000000000000000000000000000000000000011111
00000000000000000000000000000000000000000001111
00000000000000000000000000000000000000000000111
00000000000000000000000000000000000000000000011
00000000000000000000000000000000000000000000001
00000000000000000000000000000000000000000000000
Case #45: POSSIBLE
0101110
0011111
0001111
0000111
0000011
0000001
0000000
Case #46: POSSIBLE
01000000000000000
00100000000000000
00010000000000000
00001111100010100
00000111111111111
00000011111111111
00000001111111111
00000000111111111
00000000011111111
00000000001111111
00000000000111111
00000000000011111
00000000000001111
00000000000000111
00000000000000011
00000000000000001
00000000000000000
Case #47: POSSIBLE
0100000
0010000
0001000
0000110
0000011
0000001
0000000
Case #48: POSSIBLE
0110000
0011111
0001111
0000111
0000011
0000001
0000000
Case #49: IMPOSSIBLE
Case #50: POSSIBLE
0100100001100100100000010110011101000
0011111111111111111111111111111111111
0001111111111111111111111111111111111
0000111111111111111111111111111111111
0000011111111111111111111111111111111
0000001111111111111111111111111111111
0000000111111111111111111111111111111
0000000011111111111111111111111111111
0000000001111111111111111111111111111
0000000000111111111111111111111111111
0000000000011111111111111111111111111
0000000000001111111111111111111111111
0000000000000111111111111111111111111
0000000000000011111111111111111111111
0000000000000001111111111111111111111
0000000000000000111111111111111111111
0000000000000000011111111111111111111
0000000000000000001111111111111111111
0000000000000000000111111111111111111
0000000000000000000011111111111111111
0000000000000000000001111111111111111
0000000000000000000000111111111111111
0000000000000000000000011111111111111
0000000000000000000000001111111111111
0000000000000000000000000111111111111
0000000000000000000000000011111111111
0000000000000000000000000001111111111
0000000000000000000000000000111111111
0000000000000000000000000000011111111
0000000000000000000000000000001111111
0000000000000000000000000000000111111
0000000000000000000000000000000011111
0000000000000000000000000000000001111
0000000000000000000000000000000000111
0000000000000000000000000000000000011
0000000000000000000000000000000000001
0000000000000000000000000000000000000
Case #51: POSSIBLE
010000000000000000000000
001000000000000000000000
000100000000000000000000
000010000101100010111110
000001111111111111111111
000000111111111111111111
000000011111111111111111
000000001111111111111111
000000000111111111111111
000000000011111111111111
000000000001111111111111
000000000000111111111111
000000000000011111111111
000000000000001111111111
000000000000000111111111
000000000000000011111111
000000000000000001111111
000000000000000000111111
000000000000000000011111
000000000000000000001111
000000000000000000000111
000000000000000000000011
000000000000000000000001
000000000000000000000000
Case #52: POSSIBLE
0100011010101101011011000100001111110101011011100
0011111111111111111111111111111111111111111111111
0001111111111111111111111111111111111111111111111
0000111111111111111111111111111111111111111111111
0000011111111111111111111111111111111111111111111
0000001111111111111111111111111111111111111111111
0000000111111111111111111111111111111111111111111
0000000011111111111111111111111111111111111111111
0000000001111111111111111111111111111111111111111
0000000000111111111111111111111111111111111111111
0000000000011111111111111111111111111111111111111
0000000000001111111111111111111111111111111111111
0000000000000111111111111111111111111111111111111
0000000000000011111111111111111111111111111111111
0000000000000001111111111111111111111111111111111
0000000000000000111111111111111111111111111111111
0000000000000000011111111111111111111111111111111
0000000000000000001111111111111111111111111111111
0000000000000000000111111111111111111111111111111
0000000000000000000011111111111111111111111111111
0000000000000000000001111111111111111111111111111
0000000000000000000000111111111111111111111111111
0000000000000000000000011111111111111111111111111
0000000000000000000000001111111111111111111111111
0000000000000000000000000111111111111111111111111
0000000000000000000000000011111111111111111111111
0000000000000000000000000001111111111111111111111
0000000000000000000000000000111111111111111111111
0000000000000000000000000000011111111111111111111
0000000000000000000000000000001111111111111111111
0000000000000000000000000000000111111111111111111
0000000000000000000000000000000011111111111111111
0000000000000000000000000000000001111111111111111
0000000000000000000000000000000000111111111111111
0000000000000000000000000000000000011111111111111
0000000000000000000000000000000000001111111111111
0000000000000000000000000000000000000111111111111
0000000000000000000000000000000000000011111111111
0000000000000000000000000000000000000001111111111
0000000000000000000000000000000000000000111111111
0000000000000000000000000000000000000000011111111
0000000000000000000000000000000000000000001111111
0000000000000000000000000000000000000000000111111
0000000000000000000000000000000000000000000011111
0000000000000000000000000000000000000000000001111
0000000000000000000000000000000000000000000000111
0000000000000000000000000000000000000000000000011
0000000000000000000000000000000000000000000000001
0000000000000000000000000000000000000000000000000
Case #53: POSSIBLE
0111100
0011111
0001111
0000111
0000011
0000001
0000000
Case #54: POSSIBLE
0100000000000000000000000000000000000000000000000
0010100110011001001001001000110001111100010101110
0001111111111111111111111111111111111111111111111
0000111111111111111111111111111111111111111111111
0000011111111111111111111111111111111111111111111
0000001111111111111111111111111111111111111111111
0000000111111111111111111111111111111111111111111
0000000011111111111111111111111111111111111111111
0000000001111111111111111111111111111111111111111
0000000000111111111111111111111111111111111111111
0000000000011111111111111111111111111111111111111
0000000000001111111111111111111111111111111111111
0000000000000111111111111111111111111111111111111
0000000000000011111111111111111111111111111111111
0000000000000001111111111111111111111111111111111
0000000000000000111111111111111111111111111111111
0000000000000000011111111111111111111111111111111
0000000000000000001111111111111111111111111111111
0000000000000000000111111111111111111111111111111
0000000000000000000011111111111111111111111111111
0000000000000000000001111111111111111111111111111
0000000000000000000000111111111111111111111111111
0000000000000000000000011111111111111111111111111
0000000000000000000000001111111111111111111111111
0000000000000000000000000111111111111111111111111
0000000000000000000000000011111111111111111111111
0000000000000000000000000001111111111111111111111
0000000000000000000000000000111111111111111111111
0000000000000000000000000000011111111111111111111
0000000000000000000000000000001111111111111111111
0000000000000000000000000000000111111111111111111
0000000000000000000000000000000011111111111111111
0000000000000000000000000000000001111111111111111
0000000000000000000000000000000000111111111111111
0000000000000000000000000000000000011111111111111
0000000000000000000000000000000000001111111111111
0000000000000000000000000000000000000111111111111
0000000000000000000000000000000000000011111111111
0000000000000000000000000000000000000001111111111
0000000000000000000000000000000000000000111111111
0000000000000000000000000000000000000000011111111
0000000000000000000000000000000000000000001111111
0000000000000000000000000000000000000000000111111
0000000000000000000000000000000000000000000011111
0000000000000000000000000000000000000000000001111
0000000000000000000000000000000000000000000000111
0000000000000000000000000000000000000000000000011
0000000000000000000000000000000000000000000000001
0000000000000000000000000000000000000000000000000
Case #55: POSSIBLE
01011011111000101010
00111111111111111111
00011111111111111111
00001111111111111111
00000111111111111111
00000011111111111111
00000001111111111111
00000000111111111111
00000000011111111111
00000000001111111111
00000000000111111111
00000000000011111111
00000000000001111111
00000000000000111111
00000000000000011111
00000000000000001111
00000000000000000111
00000000000000000011
00000000000000000001
00000000000000000000
Case #56: POSSIBLE
0100000000000000000000000
0010000000000000000000000
0001000000000000000000000
0000100000000000000000000
0000010000000000000000000
0000001111011010011011010
0000000111111111111111111
0000000011111111111111111
0000000001111111111111111
0000000000111111111111111
0000000000011111111111111
0000000000001111111111111
0000000000000111111111111
0000000000000011111111111
0000000000000001111111111
0000000000000000111111111
0000000000000000011111111
0000000000000000001111111
0000000000000000000111111
0000000000000000000011111
0000000000000000000001111
0000000000000000000000111
0000000000000000000000011
0000000000000000000000001
0000000000000000000000000
Case #57: POSSIBLE
0100000
0011100
0001111
0000111
0000011
0000001
0000000
Case #58: POSSIBLE
0110110
0011111
0001111
0000111
0000011
0000001
0000000
Case #59: IMPOSSIBLE
Case #60: POSSIBLE
0100000
0011000
0001111
0000111
0000011
0000001
0000000
Case #61: POSSIBLE
0100000
0010000
0001100
0000111
0000011
0000001
0000000
Case #62: IMPOSSIBLE
Case #63: POSSIBLE
01000001111011000011011110110
00111111111111111111111111111
00011111111111111111111111111
00001111111111111111111111111
00000111111111111111111111111
00000011111111111111111111111
00000001111111111111111111111
00000000111111111111111111111
00000000011111111111111111111
00000000001111111111111111111
00000000000111111111111111111
00000000000011111111111111111
00000000000001111111111111111
00000000000000111111111111111
00000000000000011111111111111
00000000000000001111111111111
00000000000000000111111111111
00000000000000000011111111111
00000000000000000001111111111
00000000000000000000111111111
00000000000000000000011111111
00000000000000000000001111111
00000000000000000000000111111
00000000000000000000000011111
00000000000000000000000001111
00000000000000000000000000111
00000000000000000000000000011
00000000000000000000000000001
00000000000000000000000000000
Case #64: POSSIBLE
0100000
0010000
0001110
0000111
0000011
0000001
0000000
Case #65: POSSIBLE
0100000
0010000
0001000
0000111
0000011
0000001
0000000
Case #66: POSSIBLE
01010001110100011100011001000000011001000
00111111111111111111111111111111111111111
00011111111111111111111111111111111111111
00001111111111111111111111111111111111111
00000111111111111111111111111111111111111
00000011111111111111111111111111111111111
00000001111111111111111111111111111111111
00000000111111111111111111111111111111111
00000000011111111111111111111111111111111
00000000001111111111111111111111111111111
00000000000111111111111111111111111111111
00000000000011111111111111111111111111111
00000000000001111111111111111111111111111
00000000000000111111111111111111111111111
00000000000000011111111111111111111111111
00000000000000001111111111111111111111111
00000000000000000111111111111111111111111
00000000000000000011111111111111111111111
00000000000000000001111111111111111111111
00000000000000000000111111111111111111111
00000000000000000000011111111111111111111
00000000000000000000001111111111111111111
00000000000000000000000111111111111111111
00000000000000000000000011111111111111111
00000000000000000000000001111111111111111
00000000000000000000000000111111111111111
00000000000000000000000000011111111111111
00000000000000000000000000001111111111111
00000000000000000000000000000111111111111
00000000000000000000000000000011111111111
00000000000000000000000000000001111111111
00000000000000000000000000000000111111111
00000000000000000000000000000000011111111
00000000000000000000000000000000001111111
00000000000000000000000000000000000111111
00000000000000000000000000000000000011111
00000000000000000000000000000000000001111
00000000000000000000000000000000000000111
00000000000000000000000000000000000000011
00000000000000000000000000000000000000001
00000000000000000000000000000000000000000
Case #67: POSSIBLE
0100000000000000000000000
0010001111101000011100110
0001111111111111111111111
0000111111111111111111111
0000011111111111111111111
0000001111111111111111111
0000000111111111111111111
0000000011111111111111111
0000000001111111111111111
0000000000111111111111111
0000000000011111111111111
0000000000001111111111111
0000000000000111111111111
0000000000000011111111111
0000000000000001111111111
0000000000000000111111111
0000000000000000011111111
0000000000000000001111111
0000000000000000000111111
0000000000000000000011111
0000000000000000000001111
0000000000000000000000111
0000000000000000000000011
0000000000000000000000001
0000000000000000000000000
Case #68: POSSIBLE
0100101010000
0011111111111
0001111111111
0000111111111
0000011111111
0000001111111
0000000111111
0000000011111
0000000001111
0000000000111
0000000000011
0000000000001
0000000000000
Case #69: POSSIBLE
010010111001000110110010110
001111111111111111111111111
000111111111111111111111111
000011111111111111111111111
000001111111111111111111111
000000111111111111111111111
000000011111111111111111111
000000001111111111111111111
000000000111111111111111111
000000000011111111111111111
000000000001111111111111111
000000000000111111111111111
000000000000011111111111111
000000000000001111111111111
000000000000000111111111111
000000000000000011111111111
000000000000000001111111111
000000000000000000111111111
000000000000000000011111111
000000000000000000001111111
000000000000000000000111111
000000000000000000000011111
000000000000000000000001111
000000000000000000000000111
000000000000000000000000011
000000000000000000000000001
000000000000000000000000000
Case #70: IMPOSSIBLE
Case #71: POSSIBLE
0101000010001000
0011111111111111
0001111111111111
0000111111111111
0000011111111111
0000001111111111
0000000111111111
0000000011111111
0000000001111111
0000000000111111
0000000000011111
0000000000001111
0000000000000111
0000000000000011
0000000000000001
0000000000000000
Case #72: POSSIBLE
0100000000000000000
0010000000000000000
0001111110000101000
0000111111111111111
0000011111111111111
0000001111111111111
0000000111111111111
0000000011111111111
0000000001111111111
0000000000111111111
0000000000011111111
0000000000001111111
0000000000000111111
0000000000000011111
0000000000000001111
0000000000000000111
0000000000000000011
0000000000000000001
0000000000000000000
Case #73: POSSIBLE
0100000
0010000
0001010
0000111
0000011
0000001
0000000
Case #74: POSSIBLE
0111000
0011111
0001111
0000111
0000011
0000001
0000000
Case #75: POSSIBLE
010000000000000000
001100111100001000
000111111111111111
000011111111111111
000001111111111111
000000111111111111
000000011111111111
000000001111111111
000000000111111111
000000000011111111
000000000001111111
000000000000111111
000000000000011111
000000000000001111
000000000000000111
000000000000000011
000000000000000001
000000000000000000
Case #76: POSSIBLE
010000000000000000000000000000
001000000000000000000000000000
000111011010111001111110111110
000011111111111111111111111111
000001111111111111111111111111
000000111111111111111111111111
000000011111111111111111111111
000000001111111111111111111111
000000000111111111111111111111
000000000011111111111111111111
000000000001111111111111111111
000000000000111111111111111111
000000000000011111111111111111
000000000000001111111111111111
000000000000000111111111111111
000000000000000011111111111111
000000000000000001111111111111
000000000000000000111111111111
000000000000000000011111111111
000000000000000000001111111111
000000000000000000000111111111
000000000000000000000011111111
000000000000000000000001111111
000000000000000000000000111111
000000000000000000000000011111
000000000000000000000000001111
000000000000000000000000000111
000000000000000000000000000011
000000000000000000000000000001
000000000000000000000000000000
Case #77: POSSIBLE
01000000000000000000000000000000000000000000000000
00111111111111111111111111111111111111111111111111
00011111111111111111111111111111111111111111111111
00001111111111111111111111111111111111111111111111
00000111111111111111111111111111111111111111111111
00000011111111111111111111111111111111111111111111
00000001111111111111111111111111111111111111111111
00000000111111111111111111111111111111111111111111
00000000011111111111111111111111111111111111111111
00000000001111111111111111111111111111111111111111
00000000000111111111111111111111111111111111111111
00000000000011111111111111111111111111111111111111
00000000000001111111111111111111111111111111111111
00000000000000111111111111111111111111111111111111
00000000000000011111111111111111111111111111111111
00000000000000001111111111111111111111111111111111
00000000000000000111111111111111111111111111111111
00000000000000000011111111111111111111111111111111
00000000000000000001111111111111111111111111111111
00000000000000000000111111111111111111111111111111
00000000000000000000011111111111111111111111111111
00000000000000000000001111111111111111111111111111
00000000000000000000000111111111111111111111111111
00000000000000000000000011111111111111111111111111
00000000000000000000000001111111111111111111111111
00000000000000000000000000111111111111111111111111
00000000000000000000000000011111111111111111111111
00000000000000000000000000001111111111111111111111
00000000000000000000000000000111111111111111111111
00000000000000000000000000000011111111111111111111
00000000000000000000000000000001111111111111111111
00000000000000000000000000000000111111111111111111
00000000000000000000000000000000011111111111111111
00000000000000000000000000000000001111111111111111
00000000000000000000000000000000000111111111111111
00000000000000000000000000000000000011111111111111
00000000000000000000000000000000000001111111111111
00000000000000000000000000000000000000111111111111
00000000000000000000000000000000000000011111111111
00000000000000000000000000000000000000001111111111
00000000000000000000000000000000000000000111111111
00000000000000000000000000000000000000000011111111
00000000000000000000000000000000000000000001111111
00000000000000000000000000000000000000000000111111
00000000000000000000000000000000000000000000011111
00000000000000000000000000000000000000000000001111
00000000000000000000000000000000000000000000000111
00000000000000000000000000000000000000000000000011
00000000000000000000000000000000000000000000000001
00000000000000000000000000000000000000000000000000
Case #78: POSSIBLE
0100000
0010110
0001111
0000111
0000011
0000001
0000000
Case #79: POSSIBLE
0111111110001110010110111101110000
0011111111111111111111111111111111
0001111111111111111111111111111111
0000111111111111111111111111111111
0000011111111111111111111111111111
0000001111111111111111111111111111
0000000111111111111111111111111111
0000000011111111111111111111111111
0000000001111111111111111111111111
0000000000111111111111111111111111
0000000000011111111111111111111111
0000000000001111111111111111111111
0000000000000111111111111111111111
0000000000000011111111111111111111
0000000000000001111111111111111111
0000000000000000111111111111111111
0000000000000000011111111111111111
0000000000000000001111111111111111
0000000000000000000111111111111111
0000000000000000000011111111111111
0000000000000000000001111111111111
0000000000000000000000111111111111
0000000000000000000000011111111111
0000000000000000000000001111111111
0000000000000000000000000111111111
0000000000000000000000000011111111
0000000000000000000000000001111111
0000000000000000000000000000111111
0000000000000000000000000000011111
0000000000000000000000000000001111
0000000000000000000000000000000111
0000000000000000000000000000000011
0000000000000000000000000000000001
0000000000000000000000000000000000
Case #80: POSSIBLE
01000000000000000000000000000000000000000000000000
00110000000000000000000000000000000000000000000000
00011111111111111111111111111111111111111111111111
00001111111111111111111111111111111111111111111111
00000111111111111111111111111111111111111111111111
00000011111111111111111111111111111111111111111111
00000001111111111111111111111111111111111111111111
00000000111111111111111111111111111111111111111111
00000000011111111111111111111111111111111111111111
00000000001111111111111111111111111111111111111111
00000000000111111111111111111111111111111111111111
00000000000011111111111111111111111111111111111111
00000000000001111111111111111111111111111111111111
00000000000000111111111111111111111111111111111111
00000000000000011111111111111111111111111111111111
00000000000000001111111111111111111111111111111111
00000000000000000111111111111111111111111111111111
00000000000000000011111111111111111111111111111111
00000000000000000001111111111111111111111111111111
00000000000000000000111111111111111111111111111111
00000000000000000000011111111111111111111111111111
00000000000000000000001111111111111111111111111111
00000000000000000000000111111111111111111111111111
00000000000000000000000011111111111111111111111111
00000000000000000000000001111111111111111111111111
00000000000000000000000000111111111111111111111111
00000000000000000000000000011111111111111111111111
00000000000000000000000000001111111111111111111111
00000000000000000000000000000111111111111111111111
00000000000000000000000000000011111111111111111111
00000000000000000000000000000001111111111111111111
00000000000000000000000000000000111111111111111111
00000000000000000000000000000000011111111111111111
00000000000000000000000000000000001111111111111111
00000000000000000000000000000000000111111111111111
00000000000000000000000000000000000011111111111111
00000000000000000000000000000000000001111111111111
00000000000000000000000000000000000000111111111111
00000000000000000000000000000000000000011111111111
00000000000000000000000000000000000000001111111111
00000000000000000000000000000000000000000111111111
00000000000000000000000000000000000000000011111111
00000000000000000000000000000000000000000001111111
00000000000000000000000000000000000000000000111111
00000000000000000000000000000000000000000000011111
00000000000000000000000000000000000000000000001111
00000000000000000000000000000000000000000000000111
00000000000000000000000000000000000000000000000011
00000000000000000000000000000000000000000000000001
00000000000000000000000000000000000000000000000000
Case #81: POSSIBLE
0100000
0011111
0001111
0000111
0000011
0000001
0000000
Case #82: POSSIBLE
01000000
00100000
00010000
00001000
00000110
00000011
00000001
00000000
Case #83: IMPOSSIBLE
Case #84: POSSIBLE
01100100011011110011100
00111111111111111111111
00011111111111111111111
00001111111111111111111
00000111111111111111111
00000011111111111111111
00000001111111111111111
00000000111111111111111
00000000011111111111111
00000000001111111111111
00000000000111111111111
00000000000011111111111
00000000000001111111111
00000000000000111111111
00000000000000011111111
00000000000000001111111
00000000000000000111111
00000000000000000011111
00000000000000000001111
00000000000000000000111
00000000000000000000011
00000000000000000000001
00000000000000000000000
Case #85: POSSIBLE
01111000101011010100
00111111111111111111
00011111111111111111
00001111111111111111
00000111111111111111
00000011111111111111
00000001111111111111
00000000111111111111
00000000011111111111
00000000001111111111
00000000000111111111
00000000000011111111
00000000000001111111
00000000000000111111
00000000000000011111
00000000000000001111
00000000000000000111
00000000000000000011
00000000000000000001
00000000000000000000
Case #86: POSSIBLE
0101100
0011111
0001111
0000111
0000011
0000001
0000000
Case #87: POSSIBLE
0110010
0011111
0001111
0000111
0000011
0000001
0000000
Case #88: POSSIBLE
01000000000000000000000000000000000000000000000000
00100000000000000000000000000000000000000000000000
00010000000000000000000000000000000000000000000000
00001000000000000000000000000000000000000000000000
00000100000000000000000000000000000000000000000000
00000010000000000000000000000000000000000000000000
00000001000000000000000000000000000000000000000000
00000000100000000000000000000000000000000000000000
00000000010000000000000000000000000000000000000000
00000000001000000000000000000000000000000000000000
00000000000100000000000000000000000000000000000000
00000000000010000000000000000000000000000000000000
00000000000001000000000000000000000000000000000000
00000000000000100000000000000000000000000000000000
00000000000000010000000000000000000000000000000000
00000000000000001000000000000000000000000000000000
00000000000000000100000000000000000000000000000000
00000000000000000010000000000000000000000000000000
00000000000000000001000000000000000000000000000000
00000000000000000000100000000000000000000000000000
00000000000000000000010000000000000000000000000000
00000000000000000000001000000000000000000000000000
00000000000000000000000100000000000000000000000000
00000000000000000000000010000000000000000000000000
00000000000000000000000001000000000000000000000000
00000000000000000000000000100000000000000000000000
00000000000000000000000000010000000000000000000000
00000000000000000000000000001000000000000000000000
00000000000000000000000000000100000000000000000000
00000000000000000000000000000010000000000000000000
00000000000000000000000000000001000000000000000000
00000000000000000000000000000000100000000000000000
00000000000000000000000000000000010000000000000000
00000000000000000000000000000000001000000000000000
00000000000000000000000000000000000100000000000000
00000000000000000000000000000000000010000000000000
00000000000000000000000000000000000001000000000000
00000000000000000000000000000000000000100000000000
00000000000000000000000000000000000000010000000000
00000000000000000000000000000000000000001000000000
00000000000000000000000000000000000000000100000000
00000000000000000000000000000000000000000010000000
00000000000000000000000000000000000000000001000000
00000000000000000000000000000000000000000000100000
00000000000000000000000000000000000000000000010000
00000000000000000000000000000000000000000000001000
00000000000000000000000000000000000000000000000100
00000000000000000000000000000000000000000000000010
00000000000000000000000000000000000000000000000001
00000000000000000000000000000000000000000000000000
Case #89: IMPOSSIBLE
Case #90: POSSIBLE
010000000000000000000000000000000000000000
001000000000000000000000000000000000000000
000100000000000000000000000000000000000000
000010001011010000011010001101100101011100
000001111111111111111111111111111111111111
000000111111111111111111111111111111111111
000000011111111111111111111111111111111111
000000001111111111111111111111111111111111
000000000111111111111111111111111111111111
000000000011111111111111111111111111111111
000000000001111111111111111111111111111111
000000000000111111111111111111111111111111
000000000000011111111111111111111111111111
000000000000001111111111111111111111111111
000000000000000111111111111111111111111111
000000000000000011111111111111111111111111
000000000000000001111111111111111111111111
000000000000000000111111111111111111111111
000000000000000000011111111111111111111111
000000000000000000001111111111111111111111
000000000000000000000111111111111111111111
000000000000000000000011111111111111111111
000000000000000000000001111111111111111111
000000000000000000000000111111111111111111
000000000000000000000000011111111111111111
000000000000000000000000001111111111111111
000000000000000000000000000111111111111111
000000000000000000000000000011111111111111
000000000000000000000000000001111111111111
000000000000000000000000000000111111111111
000000000000000000000000000000011111111111
000000000000000000000000000000001111111111
000000000000000000000000000000000111111111
000000000000000000000000000000000011111111
000000000000000000000000000000000001111111
000000000000000000000000000000000000111111
000000000000000000000000000000000000011111
000000000000000000000000000000000000001111
000000000000000000000000000000000000000111
000000000000000000000000000000000000000011
000000000000000000000000000000000000000001
000000000000000000000000000000000000000000
Case #91: POSSIBLE
0101010
0011111
0001111
0000111
0000011
0000001
0000000
Case #92: POSSIBLE
010
001
000
Case #93: POSSIBLE
0100000
0010010
0001111
0000111
0000011
0000001
0000000
Case #94: POSSIBLE
0100000
0011010
0001111
0000111
0000011
0000001
0000000
Case #95: POSSIBLE
0111010
0011111
0001111
0000111
0000011
0000001
0000000
Case #96: POSSIBLE
0100101011101110101100110101100
0011111111111111111111111111111
0001111111111111111111111111111
0000111111111111111111111111111
0000011111111111111111111111111
0000001111111111111111111111111
0000000111111111111111111111111
0000000011111111111111111111111
0000000001111111111111111111111
0000000000111111111111111111111
0000000000011111111111111111111
0000000000001111111111111111111
0000000000000111111111111111111
0000000000000011111111111111111
0000000000000001111111111111111
0000000000000000111111111111111
0000000000000000011111111111111
0000000000000000001111111111111
0000000000000000000111111111111
0000000000000000000011111111111
0000000000000000000001111111111
0000000000000000000000111111111
0000000000000000000000011111111
0000000000000000000000001111111
0000000000000000000000000111111
0000000000000000000000000011111
0000000000000000000000000001111
0000000000000000000000000000111
0000000000000000000000000000011
0000000000000000000000000000001
0000000000000000000000000000000
Case #97: IMPOSSIBLE
Case #98: POSSIBLE
0100
0010
0001
0000
Case #99: POSSIBLE
0111011011110101001011100
0011111111111111111111111
0001111111111111111111111
0000111111111111111111111
0000011111111111111111111
0000001111111111111111111
0000000111111111111111111
0000000011111111111111111
0000000001111111111111111
0000000000111111111111111
0000000000011111111111111
0000000000001111111111111
0000000000000111111111111
0000000000000011111111111
0000000000000001111111111
0000000000000000111111111
0000000000000000011111111
0000000000000000001111111
0000000000000000000111111
0000000000000000000011111
0000000000000000000001111
0000000000000000000000111
0000000000000000000000011
0000000000000000000000001
0000000000000000000000000
Case #100: POSSIBLE
010000000000000000000000
001111001111100010011110
000111111111111111111111
000011111111111111111111
000001111111111111111111
000000111111111111111111
000000011111111111111111
000000001111111111111111
000000000111111111111111
000000000011111111111111
000000000001111111111111
000000000000111111111111
000000000000011111111111
000000000000001111111111
000000000000000111111111
000000000000000011111111
000000000000000001111111
000000000000000000111111
000000000000000000011111
000000000000000000001111
000000000000000000000111
000000000000000000000011
000000000000000000000001
000000000000000000000000
