Case #1: BA BA
Case #2: AC BA C BA
Case #3: CB CA
Case #4: BA BC BA
Case #5: CA CB CA C BA
Case #6: CA CA CB CA
Case #7: BC BC BA
Case #8: CB CB CA C BA
Case #9: CB AC BA
Case #10: BA
Case #11: BC BC BC BA
Case #12: BC BA
Case #13: CA CA C BA
Case #14: BA BA BA C BA
Case #15: CB CB C BA
Case #16: AB AC BA C BA
Case #17: CA C BA
Case #18: CA CB CA
Case #19: C BA
Case #20: BA BC BA C BA
Case #21: CB CB CA
Case #22: AC AC AC BA
Case #23: BA BA BA
Case #24: BA C BA
Case #25: AC BA
Case #26: CB CB CB C BA
Case #27: BA BA C BA
Case #28: AC AC BA C BA
Case #29: CB CB CB CA
Case #30: CB C BA
Case #31: AB AB AC BA
Case #32: BA BA BA BA
Case #33: BC BC BA C BA
Case #34: BA BA BC BA
Case #35: CA CB AC BA
Case #36: CA CA CA C BA
Case #37: AC AC BA
Case #38: BC BA C BA
Case #39: CB CA CB CA
Case #40: CB AC BA C BA
Case #41: BC BA BC BA
Case #42: AC AB AC BA
Case #43: AB AC BA
Case #44: BA CB AC BA
Case #45: CB CA C BA
Case #46: CB CB AC BA
